[2023-06-22 16:52:13,550] root - INFO -Training pipeline config: TrainingPipelineConfig(artifact_dir='C:\\Users\\cscrs\\OneDrive\\Documents\\Machine Learning\\Machine-Learning-Project\\housing\\artifact')
[2023-06-22 16:52:13,550] root - INFO -Data Ingestion Config: DataIngestionConfig(dataset_download_url='https://raw.githubusercontent.com/ageron/handson-ml/master/datasets/housing/housing.tgz', tgz_download_dir='C:\\Users\\cscrs\\OneDrive\\Documents\\Machine Learning\\Machine-Learning-Project\\housing\\artifact\\data_ingestion\\2023-06-22-16-52-10\\tgz_data', raw_data_dir='C:\\Users\\cscrs\\OneDrive\\Documents\\Machine Learning\\Machine-Learning-Project\\housing\\artifact\\data_ingestion\\2023-06-22-16-52-10\\raw_data', ingested_train_dir='C:\\Users\\cscrs\\OneDrive\\Documents\\Machine Learning\\Machine-Learning-Project\\housing\\artifact\\data_ingestion\\2023-06-22-16-52-10\\ingested_data\\train', ingested_test_dir='C:\\Users\\cscrs\\OneDrive\\Documents\\Machine Learning\\Machine-Learning-Project\\housing\\artifact\\data_ingestion\\2023-06-22-16-52-10\\ingested_data\\test')
[2023-06-22 16:52:13,563] root - INFO -====================Data Ingestion log started.==================== 
[2023-06-22 16:52:13,564] root - INFO -Downloading file from :[https://raw.githubusercontent.com/ageron/handson-ml/master/datasets/housing/housing.tgz] into :[C:\Users\cscrs\OneDrive\Documents\Machine Learning\Machine-Learning-Project\housing\artifact\data_ingestion\2023-06-22-16-52-10\tgz_data\housing.tgz]
[2023-06-22 16:52:13,714] root - INFO -File:[C:\Users\cscrs\OneDrive\Documents\Machine Learning\Machine-Learning-Project\housing\artifact\data_ingestion\2023-06-22-16-52-10\tgz_data\housing.tgz] hass been downloaded successfully.
[2023-06-22 16:52:13,714] root - INFO -Extracting tgz file: [C:\Users\cscrs\OneDrive\Documents\Machine Learning\Machine-Learning-Project\housing\artifact\data_ingestion\2023-06-22-16-52-10\tgz_data\housing.tgz] into dir: [C:\Users\cscrs\OneDrive\Documents\Machine Learning\Machine-Learning-Project\housing\artifact\data_ingestion\2023-06-22-16-52-10\raw_data]
[2023-06-22 16:52:13,730] root - INFO -Extracting completed
[2023-06-22 16:52:13,730] root - INFO -Reading CSV file:[C:\Users\cscrs\OneDrive\Documents\Machine Learning\Machine-Learning-Project\housing\artifact\data_ingestion\2023-06-22-16-52-10\raw_data\housing.csv]
[2023-06-22 16:52:13,759] root - INFO -Splitting data into traina and test
[2023-06-22 16:52:13,772] root - INFO -Exorting training dataset to file:[C:\Users\cscrs\OneDrive\Documents\Machine Learning\Machine-Learning-Project\housing\artifact\data_ingestion\2023-06-22-16-52-10\ingested_data\train\housing.csv]
[2023-06-22 16:52:13,868] root - INFO -Exporting test dataset to file: [C:\Users\cscrs\OneDrive\Documents\Machine Learning\Machine-Learning-Project\housing\artifact\data_ingestion\2023-06-22-16-52-10\ingested_data\test\housing.csv]
[2023-06-22 16:52:13,899] root - INFO -Data Ingestion Artifact:[DataIngestionArtifact(train_file_path='C:\\Users\\cscrs\\OneDrive\\Documents\\Machine Learning\\Machine-Learning-Project\\housing\\artifact\\data_ingestion\\2023-06-22-16-52-10\\ingested_data\\train\\housing.csv', test_file_path='C:\\Users\\cscrs\\OneDrive\\Documents\\Machine Learning\\Machine-Learning-Project\\housing\\artifact\\data_ingestion\\2023-06-22-16-52-10\\ingested_data\\test\\housing.csv', is_ingested=True, message='Data ingestion completed successfully.')]
[2023-06-22 16:52:13,899] root - INFO -====================Data Ingestion log completed.==================== 


[2023-06-22 16:52:13,899] root - INFO -Checking if train and test file is exists
[2023-06-22 16:52:13,899] root - INFO -Is train and test file exists?-> True
[2023-06-22 16:52:15,548] root - INFO -Data Validation artifact: DataValidationArtifact(schema_file_path='C:\\Users\\cscrs\\OneDrive\\Documents\\Machine Learning\\Machine-Learning-Project\\config\\schema.yaml', report_file_path='C:\\Users\\cscrs\\OneDrive\\Documents\\Machine Learning\\Machine-Learning-Project\\housing\\artifact\\data_validation\\2023-06-22-16-52-10\\report.json', report_page_file_path='C:\\Users\\cscrs\\OneDrive\\Documents\\Machine Learning\\Machine-Learning-Project\\housing\\artifact\\data_validation\\2023-06-22-16-52-10\\report.html', is_validated=True, message='Data Validation perfomed sucessfully')
[2023-06-22 16:52:15,548] root - INFO -Data transformation config: DataTransformationConfig(add_bedroom_per_room=True, transformed_train_dir='C:\\Users\\cscrs\\OneDrive\\Documents\\Machine Learning\\Machine-Learning-Project\\housing\\artifact\\data_transformation\\2023-06-22-16-52-10\\transformed_data\\train', transformed_test_dir='C:\\Users\\cscrs\\OneDrive\\Documents\\Machine Learning\\Machine-Learning-Project\\housing\\artifact\\data_transformation\\2023-06-22-16-52-10\\transformed_data\\test', preprocessed_object_file_path='C:\\Users\\cscrs\\OneDrive\\Documents\\Machine Learning\\Machine-Learning-Project\\housing\\artifact\\data_transformation\\2023-06-22-16-52-10\\preprocessed\\preprocessed.pkl')
[2023-06-22 16:52:15,548] root - INFO ->>>>>>>>>>>>>>>>>>>>>>>>>>>>>>>>>>>>>>>>>>>>>>>>>>>>>>>>>>>>Data Transformation log started.<<<<<<<<<<<<<<<<<<<<<<<<<<<<<<<<<<<<<<<<<<<<<<<<<<<<<<<<<<<< 
[2023-06-22 16:52:15,548] root - INFO -Obtaining preprocessing object.
[2023-06-22 16:52:15,552] root - INFO -Categorical columns: -ocean_proximity
[2023-06-22 16:52:15,552] root - INFO -Numerical columns: -longitude -latitude -housing_median_age -total_rooms -total_bedrooms -population -households -median_income
[2023-06-22 16:52:15,552] root - INFO -Obtaining training and test file path.
[2023-06-22 16:52:15,552] root - INFO -Loading training and test data as pandas dataframe.
[2023-06-22 16:52:15,579] root - INFO -Splitting input and target feature from training and testing dataframe.
[2023-06-22 16:52:15,579] root - INFO -Applying preprocessing object on training dataframe and testing dataframe
[2023-06-22 16:52:15,579] root - ERROR -
        Error occured in script: 
        [ C:\Users\cscrs\OneDrive\Documents\Machine Learning\Machine-Learning-Project\Housing\pipeline\pipeline.py ] at 
        try block line number: [61] and exception block line number: [67] 
        error message: [
        Error occured in script: 
        [ C:\Users\cscrs\OneDrive\Documents\Machine Learning\Machine-Learning-Project\Housing\pipeline\pipeline.py ] at 
        try block line number: [45] and exception block line number: [47] 
        error message: [
        Error occured in script: 
        [ C:\Users\cscrs\OneDrive\Documents\Machine Learning\Machine-Learning-Project\Housing\component\data_transformation.py ] at 
        try block line number: [179] and exception block line number: [216] 
        error message: [A given column is not a column of the dataframe]
        ]
        ]
        
[2023-06-22 16:52:15,590] root - INFO ->>>>>>>>>>>>>>>>>>>>>>>>>>>>>>>>>>>>>>>>>>>>>>>>>>>>>>>>>>>>Data Transformation log completed.<<<<<<<<<<<<<<<<<<<<<<<<<<<<<<<<<<<<<<<<<<<<<<<<<<<<<<<<<<<< 


